{"numFailedTestSuites":1,"numFailedTests":0,"numPassedTestSuites":1,"numPassedTests":13,"numPendingTestSuites":0,"numPendingTests":0,"numRuntimeErrorTestSuites":1,"numTodoTests":0,"numTotalTestSuites":2,"numTotalTests":13,"openHandles":[],"snapshot":{"added":0,"didUpdate":false,"failure":false,"filesAdded":0,"filesRemoved":0,"filesRemovedList":[],"filesUnmatched":0,"filesUpdated":0,"matched":0,"total":0,"unchecked":0,"uncheckedKeysByFile":[],"unmatched":0,"updated":0},"startTime":1707921345763,"success":false,"testResults":[{"assertionResults":[],"coverage":{},"endTime":1707921347670,"message":"  ● Test suite failed to run\n\n    Your test suite must contain at least one test.\n\n      at onResult (node_modules/@jest/core/build/TestScheduler.js:133:18)\n      at node_modules/@jest/core/build/TestScheduler.js:254:19\n      at node_modules/emittery/index.js:363:13\n          at Array.map (<anonymous>)\n      at Emittery.emit (node_modules/emittery/index.js:361:23)\n","name":"/home/juan/Documents/dev/js-b2/test.ts","startTime":1707921347670,"status":"failed","summary":""},{"assertionResults":[{"ancestorTitles":["Test isLeapYear function"],"duration":11,"failureDetails":[],"failureMessages":[],"fullName":"Test isLeapYear function should return true for leap year","invocations":1,"location":null,"numPassingAsserts":1,"retryReasons":[],"status":"passed","title":"should return true for leap year"},{"ancestorTitles":["Test isLeapYear function"],"duration":2,"failureDetails":[],"failureMessages":[],"fullName":"Test isLeapYear function should return false for non leap year","invocations":1,"location":null,"numPassingAsserts":1,"retryReasons":[],"status":"passed","title":"should return false for non leap year"},{"ancestorTitles":["Test isLeapYear function"],"duration":0,"failureDetails":[],"failureMessages":[],"fullName":"Test isLeapYear function should return false for year 2100","invocations":1,"location":null,"numPassingAsserts":1,"retryReasons":[],"status":"passed","title":"should return false for year 2100"},{"ancestorTitles":["Test isLeapYear function"],"duration":1,"failureDetails":[],"failureMessages":[],"fullName":"Test isLeapYear function should return true for year 2000","invocations":1,"location":null,"numPassingAsserts":1,"retryReasons":[],"status":"passed","title":"should return true for year 2000"},{"ancestorTitles":["Test getDayInYear function"],"duration":2,"failureDetails":[],"failureMessages":[],"fullName":"Test getDayInYear function should return 1 for January 1, 2023 (Sunday)","invocations":1,"location":null,"numPassingAsserts":1,"retryReasons":[],"status":"passed","title":"should return 1 for January 1, 2023 (Sunday)"},{"ancestorTitles":["Test getDayInYear function"],"duration":0,"failureDetails":[],"failureMessages":[],"fullName":"Test getDayInYear function should return 366 for December 31, 2024","invocations":1,"location":null,"numPassingAsserts":1,"retryReasons":[],"status":"passed","title":"should return 366 for December 31, 2024"},{"ancestorTitles":["Test daysToEndOfYear function"],"duration":1,"failureDetails":[],"failureMessages":[],"fullName":"Test daysToEndOfYear function should return 365 for December 31, 2024 ","invocations":1,"location":null,"numPassingAsserts":1,"retryReasons":[],"status":"passed","title":"should return 365 for December 31, 2024 "},{"ancestorTitles":["Test daysToEndOfYear function"],"duration":1,"failureDetails":[],"failureMessages":[],"fullName":"Test daysToEndOfYear function should return 0 for December 31, 2023 (Sunday)","invocations":1,"location":null,"numPassingAsserts":1,"retryReasons":[],"status":"passed","title":"should return 0 for December 31, 2023 (Sunday)"},{"ancestorTitles":["Test weeksToEndOfLife function"],"duration":1,"failureDetails":[],"failureMessages":[],"fullName":"Test weeksToEndOfLife function should return 2870 for December 31, 2023 (Sunday)","invocations":1,"location":null,"numPassingAsserts":1,"retryReasons":[],"status":"passed","title":"should return 2870 for December 31, 2023 (Sunday)"},{"ancestorTitles":["Test weeksToEndOfLife function"],"duration":1,"failureDetails":[],"failureMessages":[],"fullName":"Test weeksToEndOfLife function should return 2916 for February 14, 2024 (Wednesday)","invocations":1,"location":null,"numPassingAsserts":1,"retryReasons":[],"status":"passed","title":"should return 2916 for February 14, 2024 (Wednesday)"},{"ancestorTitles":["Test totalPotatoSupply function"],"duration":1,"failureDetails":[],"failureMessages":[],"fullName":"Test totalPotatoSupply function should return 5740 for December 31, 2023 (Sunday)","invocations":1,"location":null,"numPassingAsserts":1,"retryReasons":[],"status":"passed","title":"should return 5740 for December 31, 2023 (Sunday)"},{"ancestorTitles":["Test totalPotatoSupply function"],"duration":1,"failureDetails":[],"failureMessages":[],"fullName":"Test totalPotatoSupply function should return 5832 for February 14, 2024 (Wednesday)","invocations":1,"location":null,"numPassingAsserts":1,"retryReasons":[],"status":"passed","title":"should return 5832 for February 14, 2024 (Wednesday)"},{"ancestorTitles":["Test potatoCalculator function"],"duration":2,"failureDetails":[],"failureMessages":[],"fullName":"Test potatoCalculator function should return \"JOHN has 45 years and will eat 17006112 potatoes until age of 100\"","invocations":1,"location":null,"numPassingAsserts":1,"retryReasons":[],"status":"passed","title":"should return \"JOHN has 45 years and will eat 17006112 potatoes until age of 100\""}],"endTime":1707921347631,"message":"","name":"/home/juan/Documents/dev/js-b2/lifetime-supply.spec.js","startTime":1707921346760,"status":"passed","summary":""}],"wasInterrupted":false}
